<?xml version="1.0" encoding="UTF-8"?>
<!-- Generated by org.testng.reporters.JUnitReportReporter -->
<testsuite hostname="LAPTOP-V1UAORND" failures="0" tests="1" name="payment.DemoPayment" time="13.153" errors="0" timestamp="2023-06-12T13:36:10 IST" skipped="0">
  <testcase classname="payment.DemoPayment" name="paymentTest" time="13.153"/>
  <system-out/>
</testsuite> <!-- payment.DemoPayment -->
